GowinSynthesis start
Running parser ...
Analyzing Verilog file 'C:\Gowin\Gowin_V1.9.9_x64\IDE\ipcore\FIFO_HS\data\fifo_hs.v'
Analyzing included file 'fifo_define.v'("C:\Gowin\Gowin_V1.9.9_x64\IDE\ipcore\FIFO_HS\data\fifo_hs.v":15293)
Back to file 'C:\Gowin\Gowin_V1.9.9_x64\IDE\ipcore\FIFO_HS\data\fifo_hs.v'("C:\Gowin\Gowin_V1.9.9_x64\IDE\ipcore\FIFO_HS\data\fifo_hs.v":15293)
Analyzing included file 'C:\Gowin\Gowin_V1.9.9_x64\IDE\ipcore\FIFO_HS\data\static_macro_define.v'("C:\Gowin\Gowin_V1.9.9_x64\IDE\ipcore\FIFO_HS\data\fifo_hs.v":15293)
Back to file 'C:\Gowin\Gowin_V1.9.9_x64\IDE\ipcore\FIFO_HS\data\fifo_hs.v'("C:\Gowin\Gowin_V1.9.9_x64\IDE\ipcore\FIFO_HS\data\fifo_hs.v":15293)
Analyzing included file 'fifo_parameter.v'("C:\Gowin\Gowin_V1.9.9_x64\IDE\ipcore\FIFO_HS\data\fifo_hs.v":15293)
Back to file 'C:\Gowin\Gowin_V1.9.9_x64\IDE\ipcore\FIFO_HS\data\fifo_hs.v'("C:\Gowin\Gowin_V1.9.9_x64\IDE\ipcore\FIFO_HS\data\fifo_hs.v":15293)
Analyzing included file 'fifo_define.v'("C:\Gowin\Gowin_V1.9.9_x64\IDE\ipcore\FIFO_HS\data\fifo_hs.v":15293)
Back to file 'C:\Gowin\Gowin_V1.9.9_x64\IDE\ipcore\FIFO_HS\data\fifo_hs.v'("C:\Gowin\Gowin_V1.9.9_x64\IDE\ipcore\FIFO_HS\data\fifo_hs.v":15293)
Analyzing included file 'C:\Gowin\Gowin_V1.9.9_x64\IDE\ipcore\FIFO_HS\data\static_macro_define.v'("C:\Gowin\Gowin_V1.9.9_x64\IDE\ipcore\FIFO_HS\data\fifo_hs.v":15293)
Back to file 'C:\Gowin\Gowin_V1.9.9_x64\IDE\ipcore\FIFO_HS\data\fifo_hs.v'("C:\Gowin\Gowin_V1.9.9_x64\IDE\ipcore\FIFO_HS\data\fifo_hs.v":15293)
Analyzing Verilog file 'C:\Gowin\Gowin_V1.9.9_x64\IDE\ipcore\FIFO_HS\data\fifo_hs_top.v'
Analyzing included file 'fifo_define.v'("C:\Gowin\Gowin_V1.9.9_x64\IDE\ipcore\FIFO_HS\data\fifo_hs_top.v":1)
Back to file 'C:\Gowin\Gowin_V1.9.9_x64\IDE\ipcore\FIFO_HS\data\fifo_hs_top.v'("C:\Gowin\Gowin_V1.9.9_x64\IDE\ipcore\FIFO_HS\data\fifo_hs_top.v":1)
Analyzing included file 'C:\Gowin\Gowin_V1.9.9_x64\IDE\ipcore\FIFO_HS\data\static_macro_define.v'("C:\Gowin\Gowin_V1.9.9_x64\IDE\ipcore\FIFO_HS\data\fifo_hs_top.v":2)
Back to file 'C:\Gowin\Gowin_V1.9.9_x64\IDE\ipcore\FIFO_HS\data\fifo_hs_top.v'("C:\Gowin\Gowin_V1.9.9_x64\IDE\ipcore\FIFO_HS\data\fifo_hs_top.v":2)
Analyzing included file 'fifo_parameter.v'("C:\Gowin\Gowin_V1.9.9_x64\IDE\ipcore\FIFO_HS\data\fifo_hs_top.v":57)
Back to file 'C:\Gowin\Gowin_V1.9.9_x64\IDE\ipcore\FIFO_HS\data\fifo_hs_top.v'("C:\Gowin\Gowin_V1.9.9_x64\IDE\ipcore\FIFO_HS\data\fifo_hs_top.v":57)
Compiling module 'fifo_video_tx'("C:\Gowin\Gowin_V1.9.9_x64\IDE\ipcore\FIFO_HS\data\fifo_hs_top.v":4)
Compiling module '**'("C:\Gowin\Gowin_V1.9.9_x64\IDE\ipcore\FIFO_HS\data\fifo_hs.v":0)
Extracting RAM for identifier '**'("C:\Gowin\Gowin_V1.9.9_x64\IDE\ipcore\FIFO_HS\data\fifo_hs.v":0)
NOTE  (EX0101) : Current top module is "fifo_video_tx"
[5%] Running netlist conversion ...
Running device independent optimization ...
[10%] Optimizing Phase 0 completed
[15%] Optimizing Phase 1 completed
[25%] Optimizing Phase 2 completed
Running inference ...
[30%] Inferring Phase 0 completed
[40%] Inferring Phase 1 completed
[50%] Inferring Phase 2 completed
[55%] Inferring Phase 3 completed
Running technical mapping ...
[60%] Tech-Mapping Phase 0 completed
[65%] Tech-Mapping Phase 1 completed
WARN  (DI0003) : Latch inferred for net 'wfull_val1';We do not recommend the use of latches in FPGA designs, as they may lead to timing problems("C:\Gowin\Gowin_V1.9.9_x64\IDE\ipcore\FIFO_HS\data\fifo_hs.v":0)
[75%] Tech-Mapping Phase 2 completed
[80%] Tech-Mapping Phase 3 completed
[90%] Tech-Mapping Phase 4 completed
[95%] Generate netlist file "E:\project\boshi\prj\prj\GW_PHONE_FPGA02_2\GW_PHONE_FPGA\ip\fifo_video_tx\temp\FIFOHS\fifo_video_tx.vg" completed
Generate template file "E:\project\boshi\prj\prj\GW_PHONE_FPGA02_2\GW_PHONE_FPGA\ip\fifo_video_tx\temp\FIFOHS\fifo_video_tx_tmp.v" completed
[100%] Generate report file "E:\project\boshi\prj\prj\GW_PHONE_FPGA02_2\GW_PHONE_FPGA\ip\fifo_video_tx\temp\FIFOHS\fifo_video_tx_syn.rpt.html" completed
GowinSynthesis finish
